<?xml version="1.0" encoding="UTF-8"?>
<testng-results ignored="0" total="1" passed="1" failed="0" skipped="0">
  <reporter-output>
  </reporter-output>
  <suite started-at="2025-02-09T06:55:49Z" name="Cucumber jQuery Test Suite" finished-at="2025-02-09T06:56:07Z" duration-ms="17405">
    <groups>
      <group name="cucumber">
        <method signature="AbstractTestNGCucumberTests.runScenario(io.cucumber.testng.PickleWrapper, io.cucumber.testng.FeatureWrapper)[pri:0, instance:com.jqueryui.testrunner.TestRunner@4b5d6a01]" name="runScenario" class="io.cucumber.testng.AbstractTestNGCucumberTests"/>
      </group> <!-- cucumber -->
    </groups>
    <test started-at="2025-02-09T06:55:49Z" name="Cucumber jQuery Test" finished-at="2025-02-09T06:56:07Z" duration-ms="17405">
      <class name="com.jqueryui.testrunner.TestRunner">
        <test-method is-config="true" signature="setUpClass(org.testng.ITestContext)[pri:0, instance:com.jqueryui.testrunner.TestRunner@4b5d6a01]" started-at="2025-02-09T12:25:49Z" name="setUpClass" finished-at="2025-02-09T12:25:50Z" duration-ms="613" status="PASS">
          <params>
            <param index="0">
              <value>
                <![CDATA[org.testng.TestRunner@7a389761]]>
              </value>
            </param>
          </params>
          <reporter-output>
          </reporter-output>
        </test-method> <!-- setUpClass -->
        <test-method signature="runScenario(io.cucumber.testng.PickleWrapper, io.cucumber.testng.FeatureWrapper)[pri:0, instance:com.jqueryui.testrunner.TestRunner@4b5d6a01]" started-at="2025-02-09T12:25:50Z" name="runScenario" description="Runs Cucumber Scenarios" data-provider="scenarios" finished-at="2025-02-09T12:26:06Z" duration-ms="16711" status="PASS">
          <params>
            <param index="0">
              <value>
                <![CDATA["User performs different UI widgets operations"]]>
              </value>
            </param>
            <param index="1">
              <value>
                <![CDATA["Perform different combination of jQuery UI Demos"]]>
              </value>
            </param>
          </params>
          <reporter-output>
          </reporter-output>
        </test-method> <!-- runScenario -->
        <test-method is-config="true" signature="tearDownClass()[pri:0, instance:com.jqueryui.testrunner.TestRunner@4b5d6a01]" started-at="2025-02-09T12:26:06Z" name="tearDownClass" finished-at="2025-02-09T12:26:07Z" duration-ms="64" status="PASS">
          <reporter-output>
          </reporter-output>
        </test-method> <!-- tearDownClass -->
      </class> <!-- com.jqueryui.testrunner.TestRunner -->
    </test> <!-- Cucumber jQuery Test -->
  </suite> <!-- Cucumber jQuery Test Suite -->
</testng-results>
